Flow report for definitivo
Thu Nov 08 12:20:29 2018
Quartus II 64-Bit Version 13.0.1 Build 232 06/12/2013 Service Pack 1 SJ Web Edition


---------------------
; Table of Contents ;
---------------------
  1. Legal Notice
  2. Flow Summary
  3. Flow Settings
  4. Flow Non-Default Global Settings
  5. Flow Elapsed Time
  6. Flow OS Summary
  7. Flow Log
  8. Flow Messages
  9. Flow Suppressed Messages



----------------
; Legal Notice ;
----------------
Copyright (C) 1991-2013 Altera Corporation
Your use of Altera Corporation's design tools, logic functions 
and other software and tools, and its AMPP partner logic 
functions, and any output files from any of the foregoing 
(including device programming or simulation files), and any 
associated documentation or information are expressly subject 
to the terms and conditions of the Altera Program License 
Subscription Agreement, Altera MegaCore Function License 
Agreement, or other applicable license agreement, including, 
without limitation, that your use is for the sole purpose of 
programming logic devices manufactured by Altera and sold by 
Altera or its authorized distributors.  Please refer to the 
applicable agreement for further details.



+-----------------------------------------------------------------------------+
; Flow Summary                                                                ;
+---------------------------+-------------------------------------------------+
; Flow Status               ; Successful - Thu Nov 08 12:20:29 2018           ;
; Quartus II 64-Bit Version ; 13.0.1 Build 232 06/12/2013 SP 1 SJ Web Edition ;
; Revision Name             ; definitivo                                      ;
; Top-level Entity Name     ; definitivo                                      ;
; Family                    ; MAX3000A                                        ;
; Device                    ; EPM3064ALC44-10                                 ;
; Timing Models             ; Final                                           ;
; Total macrocells          ; 5 / 64 ( 8 % )                                  ;
; Total pins                ; 26 / 34 ( 76 % )                                ;
+---------------------------+-------------------------------------------------+


+-----------------------------------------+
; Flow Settings                           ;
+-------------------+---------------------+
; Option            ; Setting             ;
+-------------------+---------------------+
; Start date & time ; 11/08/2018 12:07:03 ;
; Main task         ; Compilation         ;
; Revision Name     ; definitivo          ;
+-------------------+---------------------+


+-----------------------------------------------------------------------------------------------------------+
; Flow Non-Default Global Settings                                                                          ;
+--------------------------+---------------------------------+---------------+-------------+----------------+
; Assignment Name          ; Value                           ; Default Value ; Entity Name ; Section Id     ;
+--------------------------+---------------------------------+---------------+-------------+----------------+
; COMPILER_SIGNATURE_ID    ; 260208096508186.154168962303644 ; --            ; --          ; --             ;
; EDA_OUTPUT_DATA_FORMAT   ; Verilog Hdl                     ; --            ; --          ; eda_simulation ;
; EDA_SIMULATION_TOOL      ; ModelSim (Verilog)              ; <None>        ; --          ; --             ;
; EDA_TIME_SCALE           ; 1 ps                            ; --            ; --          ; eda_simulation ;
; MAX_CORE_JUNCTION_TEMP   ; 85                              ; --            ; --          ; --             ;
; MIN_CORE_JUNCTION_TEMP   ; 0                               ; --            ; --          ; --             ;
; PROJECT_OUTPUT_DIRECTORY ; output_files                    ; --            ; --          ; --             ;
+--------------------------+---------------------------------+---------------+-------------+----------------+


+-------------------------------------------------------------------------------------------------------------------------------+
; Flow Elapsed Time                                                                                                             ;
+---------------------------+--------------+-------------------------+---------------------+------------------------------------+
; Module Name               ; Elapsed Time ; Average Processors Used ; Peak Virtual Memory ; Total CPU Time (on all processors) ;
+---------------------------+--------------+-------------------------+---------------------+------------------------------------+
; Analysis & Synthesis      ; 00:00:01     ; 1.0                     ; 416 MB              ; 00:00:01                           ;
; Fitter                    ; 00:00:01     ; 1.0                     ; 459 MB              ; 00:00:01                           ;
; Assembler                 ; 00:00:00     ; 1.0                     ; 375 MB              ; 00:00:00                           ;
; TimeQuest Timing Analyzer ; 00:00:00     ; 1.0                     ; 357 MB              ; 00:00:01                           ;
; EDA Netlist Writer        ; 00:00:01     ; 1.0                     ; 331 MB              ; 00:00:00                           ;
; EDA Netlist Writer        ; 00:00:00     ; 1.0                     ; 343 MB              ; 00:00:00                           ;
; EDA Netlist Writer        ; 00:00:01     ; 1.0                     ; 343 MB              ; 00:00:00                           ;
; Total                     ; 00:00:04     ; --                      ; --                  ; 00:00:03                           ;
+---------------------------+--------------+-------------------------+---------------------+------------------------------------+


+----------------------------------------------------------------------------------------+
; Flow OS Summary                                                                        ;
+---------------------------+------------------+-----------+------------+----------------+
; Module Name               ; Machine Hostname ; OS Name   ; OS Version ; Processor type ;
+---------------------------+------------------+-----------+------------+----------------+
; Analysis & Synthesis      ; MaqElec-05       ; Windows 7 ; 6.1        ; x86_64         ;
; Fitter                    ; MaqElec-05       ; Windows 7 ; 6.1        ; x86_64         ;
; Assembler                 ; MaqElec-05       ; Windows 7 ; 6.1        ; x86_64         ;
; TimeQuest Timing Analyzer ; MaqElec-05       ; Windows 7 ; 6.1        ; x86_64         ;
; EDA Netlist Writer        ; MaqElec-05       ; Windows 7 ; 6.1        ; x86_64         ;
; EDA Netlist Writer        ; MaqElec-05       ; Windows 7 ; 6.1        ; x86_64         ;
; EDA Netlist Writer        ; MaqElec-05       ; Windows 7 ; 6.1        ; x86_64         ;
+---------------------------+------------------+-----------+------------+----------------+


------------
; Flow Log ;
------------
quartus_map --read_settings_files=on --write_settings_files=off definitivo -c definitivo
quartus_fit --read_settings_files=off --write_settings_files=off definitivo -c definitivo
quartus_asm --read_settings_files=off --write_settings_files=off definitivo -c definitivo
quartus_sta definitivo -c definitivo
quartus_eda --read_settings_files=off --write_settings_files=off definitivo -c definitivo
quartus_eda --gen_testbench --check_outputs=on --tool=modelsim_oem --format=verilog definitivo -c definitivo --vector_source="C:/Users/MaqElectricas/Desktop/definitivo quartus/output_files/waveform.vwf" --testbench_file=./simulation/qsim/definitivo.vt
quartus_eda --functional=on --simulation=on --tool=modelsim_oem --format=verilog definitivo -c definitivo



